#
# There is insufficient memory for the Java Runtime Environment to continue.
# Native memory allocation (mmap) failed to map 4030464 bytes. Error detail: G1 virtual space
# Possible reasons:
#   The system is out of physical RAM or swap space
#   This process is running with CompressedOops enabled, and the Java Heap may be blocking the growth of the native heap
# Possible solutions:
#   Reduce memory load on the system
#   Increase physical memory or swap space
#   Check if swap backing store is full
#   Decrease Java heap size (-Xmx/-Xms)
#   Decrease number of Java threads
#   Decrease Java thread stack sizes (-Xss)
#   Set larger code cache with -XX:ReservedCodeCacheSize=
#   JVM is running with Zero Based Compressed Oops mode in which the Java heap is
#     placed in the first 32GB address space. The Java Heap base address is the
#     maximum limit for the native heap growth. Please use -XX:HeapBaseMinAddress
#     to set the Java Heap base and to place the Java Heap above 32GB virtual address.
# This output file may be truncated or incomplete.
#
#  Out of Memory Error (os_windows.cpp:3554), pid=16868, tid=8276
#
# JRE version:  (25.0+37) (build )
# Java VM: Java HotSpot(TM) 64-Bit Server VM (25+37-LTS-3491, mixed mode, sharing, tiered, compressed oops, compressed class ptrs, g1 gc, windows-amd64)
# No core dump will be written. Minidumps are not enabled by default on client versions of Windows
#

---------------  S U M M A R Y ------------

Command Line: -Dfile.encoding=UTF-8 -Dstdout.encoding=UTF-8 -Dstderr.encoding=UTF-8 -XX:+ShowCodeDetailsInExceptionMessages practicaOperadores.PracticaOperadores

Host: AMD Ryzen 5 5600G with Radeon Graphics         , 12 cores, 15G,  Windows 11 , 64 bit Build 26100 (10.0.26100.5074)
Time: Thu Sep 25 17:02:54 2025 Hora de verano romance elapsed time: 2.025307 seconds (0d 0h 0m 2s)

---------------  T H R E A D  ---------------

Current thread (0x00000228b1791dc0):  JavaThread "Unknown thread" [_thread_in_vm, id=8276, stack(0x000000c2ec200000,0x000000c2ec300000) (1024K)]

Stack: [0x000000c2ec200000,0x000000c2ec300000]
Native frames: (J=compiled Java code, j=interpreted, Vv=VM code, C=native code)
V  [jvm.dll+0x7a6a39]  (no source info available)
V  [jvm.dll+0x7727ed]  (no source info available)
V  [jvm.dll+0x965f33]  (no source info available)
V  [jvm.dll+0x968531]  (no source info available)
V  [jvm.dll+0x968c33]  (no source info available)
V  [jvm.dll+0x2fc756]  (no source info available)
V  [jvm.dll+0x7a2c65]  (no source info available)
V  [jvm.dll+0x796077]  (no source info available)
V  [jvm.dll+0x3f4698]  (no source info available)
V  [jvm.dll+0x3fc5b6]  (no source info available)
V  [jvm.dll+0x3e8ca3]  (no source info available)
V  [jvm.dll+0x3e8f48]  (no source info available)
V  [jvm.dll+0x3c0045]  (no source info available)
V  [jvm.dll+0x3c0cce]  (no source info available)
V  [jvm.dll+0x92c647]  (no source info available)
V  [jvm.dll+0x458b62]  (no source info available)
V  [jvm.dll+0x90fff2]  (no source info available)
V  [jvm.dll+0x4f9001]  (no source info available)
V  [jvm.dll+0x4fa891]  (no source info available)
C  [jli.dll+0x543e]  (no source info available)
C  [ucrtbase.dll+0x37b0]  (no source info available)
C  [KERNEL32.DLL+0x2e8d7]  (no source info available)
C  [ntdll.dll+0x8d9c]  (no source info available)

Lock stack of current Java thread (top to bottom):


---------------  P R O C E S S  ---------------

Threads class SMR info:
_java_thread_list=0x00007fffe5d45308, length=0, elements={
}

Java Threads: ( => current thread )
Total: 0

Other Threads:
  0x00000228b3c73220 WorkerThread "GC Thread#0"                     [id=13916, stack(0x000000c2ec300000,0x000000c2ec400000) (1024K)]
  0x00000228b3c8e1f0 ConcurrentGCThread "G1 Main Marker"            [id=13484, stack(0x000000c2ec400000,0x000000c2ec500000) (1024K)]
  0x00000228b3c8f330 WorkerThread "G1 Conc#0"                       [id=6068, stack(0x000000c2ec500000,0x000000c2ec600000) (1024K)]

[error occurred during error reporting (printing all threads), id 0xc0000005, EXCEPTION_ACCESS_VIOLATION (0xc0000005) at pc=0x00007fffe5424c2a]
VM state: not at safepoint (not fully initialized)

VM Mutex/Monitor currently owned by a thread:  ([mutex/lock_event])
[0x00007fffe5dc9628] Heap_lock - owner thread: 0x00000228b1791dc0

Heap address: 0x000000070a000000, size: 3936 MB, Compressed Oops mode: Zero based, Oop shift amount: 3

CDS archive(s) mapped at: [0x0000000000000000-0x0000000000000000-0x0000000000000000), size 0, SharedBaseAddress: 0x0000000800000000, ArchiveRelocationMode: 1.
UseCompressedClassPointers 1, UseCompactObjectHeaders 0
Narrow klass pointer bits 32, Max shift 3
Narrow klass base: 0xffffffffffffffff, Narrow klass shift: -1
Encoding Range: [0xffffffffffffffff - 0x000000007fffffff), (2147483648 bytes)
Klass Range:    [0x0000000000000000 - 0x0000000000000000), (0 bytes)
Klass ID Range:  [4294967295 - 0) (1)
No protection zone.

GC Precious Log:
 CardTable entry size: 512
 Card Set container configuration: InlinePtr #cards 4 size 8 Array Of Cards #cards 16 size 48 Howl #buckets 8 coarsen threshold 3686 Howl Bitmap #cards 512 size 80 coarsen threshold 460 Card regions per heap region 1 cards per card region 4096

Heap:
 garbage-first heap   total reserved 4030464K, committed 0K, used 0K [0x000000070a000000, 0x0000000800000000)
  region size 2048K, 0 young (0K), 0 survivors (0K)

Heap Regions: E=young(eden), S=young(survivor), O=old, HS=humongous(starts), HC=humongous(continues), CS=collection set, F=free, TAMS=top-at-mark-start, PB=parsable bottom

Card table byte_map: [0x00000228cc190000,0x00000228cc940000] _byte_map_base: 0x00000228c8940000

Marking Bits: (CMBitMap*) 0x00000228b3c758c0
 Bits: [0x00000228cc940000, 0x00000228d06c0000)

GC Heap Usage History (0 events):
No events

Metaspace Usage History (0 events):
No events

Dll operation events (1 events):
Event: 0.008 Loaded shared library C:\Program Files\Java\jdk-25\bin\java.dll

Deoptimization events (0 events):
No events

Classes loaded (0 events):
No events

Classes unloaded (0 events):
No events

Classes redefined (0 events):
No events

Internal exceptions (0 events):
No events

VM Operations (0 events):
No events

Memory protections (0 events):
No events

Nmethod flushes (0 events):
No events

Events (0 events):
No events


Dynamic libraries:
0x00007ff7cc130000 - 0x00007ff7cc140000 	C:\Program Files\Java\jdk-25\bin\javaw.exe
0x00007ff82f4e0000 - 0x00007ff82f749000 	C:\WINDOWS\SYSTEM32\ntdll.dll
0x00007ff82d510000 - 0x00007ff82d5d9000 	C:\WINDOWS\System32\KERNEL32.DLL
0x00007ff82c940000 - 0x00007ff82cd33000 	C:\WINDOWS\System32\KERNELBASE.dll
0x00007ff82c7f0000 - 0x00007ff82c93b000 	C:\WINDOWS\System32\ucrtbase.dll
0x00007ff820790000 - 0x00007ff8207a7000 	C:\Program Files\Java\jdk-25\bin\jli.dll
0x00007ff820690000 - 0x00007ff8206ae000 	C:\Program Files\Java\jdk-25\bin\VCRUNTIME140.dll
0x00007ff82d740000 - 0x00007ff82d904000 	C:\WINDOWS\System32\USER32.dll
0x00007ff81e580000 - 0x00007ff81e813000 	C:\WINDOWS\WinSxS\amd64_microsoft.windows.common-controls_6595b64144ccf1df_6.0.26100.5074_none_3e0d6f78e32fd63f\COMCTL32.dll
0x00007ff82d0c0000 - 0x00007ff82d0e7000 	C:\WINDOWS\System32\win32u.dll
0x00007ff82d920000 - 0x00007ff82d94b000 	C:\WINDOWS\System32\GDI32.dll
0x00007ff82dc20000 - 0x00007ff82dcc9000 	C:\WINDOWS\System32\msvcrt.dll
0x00007ff82d180000 - 0x00007ff82d2ad000 	C:\WINDOWS\System32\gdi32full.dll
0x00007ff82cf70000 - 0x00007ff82d013000 	C:\WINDOWS\System32\msvcp_win.dll
0x00007ff82f280000 - 0x00007ff82f2af000 	C:\WINDOWS\System32\IMM32.DLL
0x00007ff821160000 - 0x00007ff82116c000 	C:\Program Files\Java\jdk-25\bin\vcruntime140_1.dll
0x00007ff80f010000 - 0x00007ff80f09d000 	C:\Program Files\Java\jdk-25\bin\msvcp140.dll
0x00007fffe5050000 - 0x00007fffe5eaf000 	C:\Program Files\Java\jdk-25\bin\server\jvm.dll
0x00007ff82f3e0000 - 0x00007ff82f494000 	C:\WINDOWS\System32\ADVAPI32.dll
0x00007ff82d610000 - 0x00007ff82d6b6000 	C:\WINDOWS\System32\sechost.dll
0x00007ff82d330000 - 0x00007ff82d448000 	C:\WINDOWS\System32\RPCRT4.dll
0x00007ff82d6c0000 - 0x00007ff82d734000 	C:\WINDOWS\System32\WS2_32.dll
0x00007ff82c4d0000 - 0x00007ff82c52e000 	C:\WINDOWS\SYSTEM32\POWRPROF.dll
0x00007ff8248a0000 - 0x00007ff8248d5000 	C:\WINDOWS\SYSTEM32\WINMM.dll
0x00007ff82a210000 - 0x00007ff82a21b000 	C:\WINDOWS\SYSTEM32\VERSION.dll
0x00007ff82c4b0000 - 0x00007ff82c4c4000 	C:\WINDOWS\SYSTEM32\UMPDC.dll
0x00007ff82b450000 - 0x00007ff82b46b000 	C:\WINDOWS\SYSTEM32\kernel.appcore.dll
0x00007ff821120000 - 0x00007ff82112a000 	C:\Program Files\Java\jdk-25\bin\jimage.dll
0x00007ff825690000 - 0x00007ff8258d2000 	C:\WINDOWS\SYSTEM32\DBGHELP.DLL
0x00007ff82e090000 - 0x00007ff82e40b000 	C:\WINDOWS\System32\combase.dll
0x00007ff82d950000 - 0x00007ff82da27000 	C:\WINDOWS\System32\OLEAUT32.dll
0x00007ff8102a0000 - 0x00007ff8102dd000 	C:\WINDOWS\SYSTEM32\dbgcore.DLL
0x00007ff82d020000 - 0x00007ff82d0b9000 	C:\WINDOWS\System32\bcryptPrimitives.dll
0x00007ff81fff0000 - 0x00007ff82000f000 	C:\Program Files\Java\jdk-25\bin\java.dll
0x00007ff82de80000 - 0x00007ff82e018000 	C:\WINDOWS\System32\ole32.dll
0x00007ff82eb30000 - 0x00007ff82f27d000 	C:\WINDOWS\System32\SHELL32.dll
0x00007ff82ce00000 - 0x00007ff82cf6c000 	C:\WINDOWS\System32\wintypes.dll

JVMTI agents: none

dbghelp: loaded successfully - version: 4.0.5 - missing functions: none
symbol engine: initialized successfully - sym options: 0x614 - pdb path: .;C:\Program Files\Java\jdk-25\bin;C:\WINDOWS\SYSTEM32;C:\WINDOWS\WinSxS\amd64_microsoft.windows.common-controls_6595b64144ccf1df_6.0.26100.5074_none_3e0d6f78e32fd63f;C:\Program Files\Java\jdk-25\bin\server

VM Arguments:
jvm_args: -Dfile.encoding=UTF-8 -Dstdout.encoding=UTF-8 -Dstderr.encoding=UTF-8 -XX:+ShowCodeDetailsInExceptionMessages 
java_command: practicaOperadores.PracticaOperadores
java_class_path (initial): C:\Users\SMR1\Desktop\Cristian DAW 1\Programación Java\OO\bin
Launcher Type: SUN_STANDARD

[Global flags]
     intx CICompilerCount                          = 4                                         {product} {ergonomic}
     uint ConcGCThreads                            = 3                                         {product} {ergonomic}
     uint G1ConcRefinementThreads                  = 10                                        {product} {ergonomic}
   size_t G1HeapRegionSize                         = 2097152                                   {product} {ergonomic}
   size_t InitialHeapSize                          = 257949696                                 {product} {ergonomic}
   size_t MarkStackSize                            = 4194304                                   {product} {ergonomic}
   size_t MarkStackSizeMax                         = 536870912                                 {product} {ergonomic}
   size_t MaxHeapSize                              = 4127195136                                {product} {ergonomic}
   size_t MinHeapDeltaBytes                        = 2097152                                   {product} {ergonomic}
   size_t MinHeapSize                              = 8388608                                   {product} {ergonomic}
    uintx NonNMethodCodeHeapSize                   = 5832704                                {pd product} {ergonomic}
    uintx NonProfiledCodeHeapSize                  = 122945536                              {pd product} {ergonomic}
    uintx ProfiledCodeHeapSize                     = 122880000                              {pd product} {ergonomic}
    uintx ReservedCodeCacheSize                    = 251658240                              {pd product} {ergonomic}
     bool SegmentedCodeCache                       = true                                      {product} {ergonomic}
     bool ShowCodeDetailsInExceptionMessages       = true                                   {manageable} {command line}
   size_t SoftMaxHeapSize                          = 4127195136                             {manageable} {ergonomic}
     bool UseCompressedOops                        = true                           {product lp64_product} {ergonomic}
     bool UseG1GC                                  = true                                      {product} {ergonomic}
     bool UseLargePagesIndividualAllocation        = false                                  {pd product} {ergonomic}

Logging:
Log output configuration:
 #0: stdout all=warning uptime,level,tags foldmultilines=false
 #1: stderr all=off uptime,level,tags foldmultilines=false

Release file:
<release file has not been read>
Environment Variables:
PATH=C:/Program Files/eclipse//plugins/org.eclipse.justj.openjdk.hotspot.jre.full.win32.x86_64_21.0.8.v20250724-1412/jre/bin/server;C:/Program Files/eclipse//plugins/org.eclipse.justj.openjdk.hotspot.jre.full.win32.x86_64_21.0.8.v20250724-1412/jre/bin;C:\Program Files\Common Files\Oracle\Java\javapath;C:\WINDOWS\system32;C:\WINDOWS;C:\WINDOWS\System32\Wbem;C:\WINDOWS\System32\WindowsPowerShell\v1.0\;C:\WINDOWS\System32\OpenSSH\;C:\Program Files\Git\cmd;C:\Users\SMR1\AppData\Local\Microsoft\WindowsApps;C:\Users\SMR1\AppData\Local\Programs\Microsoft VS Code\bin;C:\Program Files\eclipse;
USERNAME=smr1
OS=Windows_NT
PROCESSOR_IDENTIFIER=AMD64 Family 25 Model 80 Stepping 0, AuthenticAMD
TMP=C:\Users\SMR1\AppData\Local\Temp
TEMP=C:\Users\SMR1\AppData\Local\Temp




Compilation memory statistics disabled.

Periodic native trim disabled

---------------  S Y S T E M  ---------------

OS:
 Windows 11 , 64 bit Build 26100 (10.0.26100.5074)
OS uptime: 7 days 3:03 hours

CPU: total 12 (initial active 12) (12 cores per cpu, 2 threads per core) family 25 model 80 stepping 0 microcode 0xa50000d, cx8, cmov, fxsr, ht, mmx, 3dnowpref, sse, sse2, sse3, ssse3, sse4a, sse4.1, sse4.2, popcnt, lzcnt, tsc, tscinvbit, avx, avx2, aes, erms, clmul, bmi1, bmi2, adx, sha, fma, vzeroupper, clflush, clflushopt, clwb, rdtscp, rdpid, fsrm, f16c, pku, cet_ss
Processor Information for the first 12 processors :
  Max Mhz: 3901, Current Mhz: 3901, Mhz Limit: 3901

Memory: 4k page, system-wide physical 15743M (2357M free)
TotalPageFile size 41900M (AvailPageFile size 6M)
current process WorkingSet (physical memory assigned to process): 13M, peak: 13M
current process commit charge ("private bytes"): 311M, peak: 315M

vm_info: Java HotSpot(TM) 64-Bit Server VM (25+37-LTS-3491) for windows-amd64 JRE (25+37-LTS-3491), built on 2025-08-14T21:13:00Z with unknown MS VC++:1943

END.
